{"/Users/jkirk/dev/express-jest-testing/src/app.ts": {"path":"/Users/jkirk/dev/express-jest-testing/src/app.ts","statementMap":{"0":{"start":{"line":1,"column":0},"end":{"line":1,"column":37}},"1":{"start":{"line":3,"column":0},"end":{"line":3,"column":34}},"2":{"start":{"line":4,"column":0},"end":{"line":4,"column":41}},"3":{"start":{"line":5,"column":0},"end":{"line":5,"column":42}},"4":{"start":{"line":6,"column":0},"end":{"line":6,"column":42}},"5":{"start":{"line":7,"column":0},"end":{"line":7,"column":38}},"6":{"start":{"line":8,"column":0},"end":{"line":8,"column":49}},"7":{"start":{"line":9,"column":0},"end":{"line":9,"column":32}},"8":{"start":{"line":11,"column":0},"end":{"line":11,"column":32}},"9":{"start":{"line":14,"column":0},"end":{"line":14,"column":58}},"10":{"start":{"line":15,"column":0},"end":{"line":15,"column":37}},"11":{"start":{"line":23,"column":12},"end":{"line":23,"column":47}},"12":{"start":{"line":26,"column":8},"end":{"line":26,"column":29}},"13":{"start":{"line":27,"column":8},"end":{"line":27,"column":47}},"14":{"start":{"line":28,"column":8},"end":{"line":28,"column":43}},"15":{"start":{"line":34,"column":8},"end":{"line":34,"column":34}},"16":{"start":{"line":35,"column":8},"end":{"line":35,"column":31}},"17":{"start":{"line":36,"column":8},"end":{"line":36,"column":29}},"18":{"start":{"line":38,"column":8},"end":{"line":38,"column":48}},"19":{"start":{"line":39,"column":8},"end":{"line":39,"column":39}},"20":{"start":{"line":43,"column":23},"end":{"line":49,"column":10}},"21":{"start":{"line":44,"column":12},"end":{"line":48,"column":14}},"22":{"start":{"line":53,"column":8},"end":{"line":55,"column":null}},"23":{"start":{"line":54,"column":12},"end":{"line":54,"column":19}},"24":{"start":{"line":56,"column":8},"end":{"line":56,"column":42}},"25":{"start":{"line":57,"column":8},"end":{"line":71,"column":15}},"26":{"start":{"line":63,"column":16},"end":{"line":63,"column":46}},"27":{"start":{"line":67,"column":16},"end":{"line":70,"column":18}},"28":{"start":{"line":80,"column":27},"end":{"line":80,"column":41}},"29":{"start":{"line":81,"column":8},"end":{"line":91,"column":10}},"30":{"start":{"line":93,"column":8},"end":{"line":96,"column":11}},"31":{"start":{"line":94,"column":13},"end":{"line":94,"column":64}},"32":{"start":{"line":95,"column":12},"end":{"line":95,"column":19}},"33":{"start":{"line":103,"column":8},"end":{"line":103,"column":44}},"34":{"start":{"line":104,"column":8},"end":{"line":104,"column":53}},"35":{"start":{"line":105,"column":8},"end":{"line":105,"column":57}},"36":{"start":{"line":113,"column":8},"end":{"line":113,"column":40}},"37":{"start":{"line":114,"column":8},"end":{"line":114,"column":64}},"38":{"start":{"line":117,"column":8},"end":{"line":117,"column":41}},"39":{"start":{"line":120,"column":8},"end":{"line":120,"column":37}},"40":{"start":{"line":123,"column":8},"end":{"line":123,"column":44}},"41":{"start":{"line":124,"column":8},"end":{"line":124,"column":41}},"42":{"start":{"line":127,"column":8},"end":{"line":129,"column":11}},"43":{"start":{"line":128,"column":12},"end":{"line":128,"column":19}},"44":{"start":{"line":133,"column":8},"end":{"line":135,"column":11}},"45":{"start":{"line":134,"column":12},"end":{"line":134,"column":49}},"46":{"start":{"line":140,"column":8},"end":{"line":140,"column":45}},"47":{"start":{"line":143,"column":8},"end":{"line":149,"column":null}},"48":{"start":{"line":145,"column":12},"end":{"line":145,"column":58}},"49":{"start":{"line":148,"column":12},"end":{"line":148,"column":57}},"50":{"start":{"line":153,"column":0},"end":{"line":153,"column":19}}},"fnMap":{"0":{"name":"(anonymous_2)","decl":{"start":{"line":25,"column":4},"end":{"line":25,"column":16}},"loc":{"start":{"line":25,"column":42},"end":{"line":40,"column":5}}},"1":{"name":"(anonymous_3)","decl":{"start":{"line":42,"column":11},"end":{"line":42,"column":17}},"loc":{"start":{"line":42,"column":17},"end":{"line":50,"column":5}}},"2":{"name":"(anonymous_4)","decl":{"start":{"line":43,"column":61},"end":{"line":43,"column":64}},"loc":{"start":{"line":43,"column":66},"end":{"line":49,"column":9}}},"3":{"name":"(anonymous_5)","decl":{"start":{"line":52,"column":11},"end":{"line":52,"column":16}},"loc":{"start":{"line":52,"column":37},"end":{"line":72,"column":5}}},"4":{"name":"(anonymous_6)","decl":{"start":{"line":62,"column":18},"end":{"line":62,"column":21}},"loc":{"start":{"line":62,"column":23},"end":{"line":65,"column":13}}},"5":{"name":"(anonymous_7)","decl":{"start":{"line":66,"column":19},"end":{"line":66,"column":22}},"loc":{"start":{"line":66,"column":25},"end":{"line":71,"column":13}}},"6":{"name":"(anonymous_8)","decl":{"start":{"line":79,"column":12},"end":{"line":79,"column":30}},"loc":{"start":{"line":79,"column":30},"end":{"line":97,"column":5}}},"7":{"name":"(anonymous_9)","decl":{"start":{"line":93,"column":21},"end":{"line":93,"column":22}},"loc":{"start":{"line":93,"column":40},"end":{"line":96,"column":9}}},"8":{"name":"(anonymous_10)","decl":{"start":{"line":102,"column":12},"end":{"line":102,"column":25}},"loc":{"start":{"line":102,"column":25},"end":{"line":106,"column":5}}},"9":{"name":"(anonymous_11)","decl":{"start":{"line":111,"column":12},"end":{"line":111,"column":27}},"loc":{"start":{"line":111,"column":27},"end":{"line":130,"column":5}}},"10":{"name":"(anonymous_12)","decl":{"start":{"line":127,"column":21},"end":{"line":127,"column":22}},"loc":{"start":{"line":127,"column":40},"end":{"line":129,"column":9}}},"11":{"name":"(anonymous_13)","decl":{"start":{"line":132,"column":12},"end":{"line":132,"column":33}},"loc":{"start":{"line":132,"column":60},"end":{"line":136,"column":5}}},"12":{"name":"(anonymous_14)","decl":{"start":{"line":133,"column":28},"end":{"line":133,"column":38}},"loc":{"start":{"line":133,"column":41},"end":{"line":135,"column":9}}},"13":{"name":"(anonymous_15)","decl":{"start":{"line":138,"column":12},"end":{"line":138,"column":35}},"loc":{"start":{"line":138,"column":35},"end":{"line":150,"column":5}}}},"branchMap":{"0":{"loc":{"start":{"line":53,"column":8},"end":{"line":55,"column":null}},"type":"if","locations":[{"start":{"line":53,"column":8},"end":{"line":55,"column":null}},{"start":{"line":53,"column":8},"end":{"line":55,"column":null}}]},"1":{"loc":{"start":{"line":58,"column":21},"end":{"line":58,"column":41}},"type":"binary-expr","locations":[{"start":{"line":58,"column":21},"end":{"line":58,"column":41}},{"start":{"line":58,"column":45},"end":{"line":58,"column":47}}]},"2":{"loc":{"start":{"line":86,"column":24},"end":{"line":86,"column":42}},"type":"binary-expr","locations":[{"start":{"line":86,"column":24},"end":{"line":86,"column":42}},{"start":{"line":86,"column":46},"end":{"line":86,"column":48}}]},"3":{"loc":{"start":{"line":143,"column":8},"end":{"line":149,"column":null}},"type":"if","locations":[{"start":{"line":143,"column":8},"end":{"line":149,"column":null}},{"start":{"line":143,"column":8},"end":{"line":149,"column":null}}]},"4":{"loc":{"start":{"line":143,"column":12},"end":{"line":143,"column":37}},"type":"binary-expr","locations":[{"start":{"line":143,"column":12},"end":{"line":143,"column":37}},{"start":{"line":143,"column":41},"end":{"line":143,"column":67}}]}},"s":{"0":1,"1":1,"2":1,"3":1,"4":1,"5":1,"6":1,"7":1,"8":1,"9":1,"10":1,"11":1,"12":1,"13":1,"14":1,"15":1,"16":1,"17":1,"18":1,"19":1,"20":0,"21":0,"22":1,"23":0,"24":1,"25":1,"26":1,"27":0,"28":1,"29":1,"30":1,"31":3,"32":3,"33":1,"34":1,"35":1,"36":1,"37":1,"38":1,"39":1,"40":1,"41":1,"42":1,"43":3,"44":1,"45":3,"46":1,"47":1,"48":1,"49":0,"50":1},"f":{"0":1,"1":0,"2":0,"3":1,"4":1,"5":0,"6":1,"7":3,"8":1,"9":1,"10":3,"11":1,"12":3,"13":1},"b":{"0":[0,1],"1":[1,0],"2":[1,0],"3":[1,0],"4":[1,1]}}
,"/Users/jkirk/dev/express-jest-testing/src/server.ts": {"path":"/Users/jkirk/dev/express-jest-testing/src/server.ts","statementMap":{"0":{"start":{"line":1,"column":0},"end":{"line":1,"column":28}},"1":{"start":{"line":2,"column":0},"end":{"line":2,"column":24}},"2":{"start":{"line":4,"column":0},"end":{"line":4,"column":24}},"3":{"start":{"line":5,"column":0},"end":{"line":5,"column":72}},"4":{"start":{"line":6,"column":0},"end":{"line":6,"column":64}},"5":{"start":{"line":7,"column":0},"end":{"line":7,"column":62}},"6":{"start":{"line":9,"column":0},"end":{"line":13,"column":null}},"7":{"start":{"line":9,"column":41},"end":{"line":9,"column":68}},"8":{"start":{"line":10,"column":4},"end":{"line":12,"column":6}},"9":{"start":{"line":15,"column":0},"end":{"line":17,"column":3}},"10":{"start":{"line":19,"column":13},"end":{"line":23,"column":3}}},"fnMap":{"0":{"name":"(anonymous_1)","decl":{"start":{"line":9,"column":34},"end":{"line":9,"column":37}},"loc":{"start":{"line":9,"column":41},"end":{"line":9,"column":68}}}},"branchMap":{"0":{"loc":{"start":{"line":9,"column":0},"end":{"line":13,"column":null}},"type":"if","locations":[{"start":{"line":9,"column":0},"end":{"line":13,"column":null}},{"start":{"line":9,"column":0},"end":{"line":13,"column":null}}]}},"s":{"0":1,"1":1,"2":1,"3":1,"4":1,"5":1,"6":1,"7":1,"8":0,"9":1,"10":1},"f":{"0":1},"b":{"0":[0,1]}}
,"/Users/jkirk/dev/express-jest-testing/src/controllers/authController.ts": {"path":"/Users/jkirk/dev/express-jest-testing/src/controllers/authController.ts","statementMap":{"0":{"start":{"line":1,"column":0},"end":{"line":1,"column":28}},"1":{"start":{"line":2,"column":0},"end":{"line":2,"column":42}},"2":{"start":{"line":3,"column":0},"end":{"line":3,"column":30}},"3":{"start":{"line":4,"column":0},"end":{"line":4,"column":28}},"4":{"start":{"line":5,"column":0},"end":{"line":5,"column":32}},"5":{"start":{"line":7,"column":0},"end":{"line":7,"column":56}},"6":{"start":{"line":8,"column":0},"end":{"line":8,"column":45}},"7":{"start":{"line":9,"column":0},"end":{"line":9,"column":53}},"8":{"start":{"line":25,"column":11},"end":{"line":25,"column":37}},"9":{"start":{"line":26,"column":12},"end":{"line":26,"column":24}},"10":{"start":{"line":57,"column":12},"end":{"line":60,"column":6}},"11":{"start":{"line":58,"column":8},"end":{"line":58,"column":25}},"12":{"start":{"line":59,"column":8},"end":{"line":59,"column":43}},"13":{"start":{"line":62,"column":12},"end":{"line":95,"column":6}},"14":{"start":{"line":70,"column":27},"end":{"line":74,"column":9}},"15":{"start":{"line":71,"column":12},"end":{"line":73,"column":15}},"16":{"start":{"line":77,"column":21},"end":{"line":77,"column":75}},"17":{"start":{"line":78,"column":8},"end":{"line":94,"column":null}},"18":{"start":{"line":79,"column":12},"end":{"line":79,"column":25}},"19":{"start":{"line":82,"column":12},"end":{"line":82,"column":77}},"20":{"start":{"line":83,"column":12},"end":{"line":84,"column":75}},"21":{"start":{"line":85,"column":12},"end":{"line":85,"column":30}},"22":{"start":{"line":87,"column":12},"end":{"line":92,"column":15}},"23":{"start":{"line":93,"column":12},"end":{"line":93,"column":25}},"24":{"start":{"line":96,"column":12},"end":{"line":114,"column":6}},"25":{"start":{"line":100,"column":21},"end":{"line":103,"column":10}},"26":{"start":{"line":104,"column":8},"end":{"line":109,"column":null}},"27":{"start":{"line":105,"column":12},"end":{"line":108,"column":15}},"28":{"start":{"line":111,"column":8},"end":{"line":113,"column":11}},"29":{"start":{"line":115,"column":12},"end":{"line":138,"column":6}},"30":{"start":{"line":120,"column":8},"end":{"line":120,"column":78}},"31":{"start":{"line":121,"column":8},"end":{"line":126,"column":24}},"32":{"start":{"line":127,"column":8},"end":{"line":129,"column":43}},"33":{"start":{"line":131,"column":23},"end":{"line":131,"column":49}},"34":{"start":{"line":132,"column":8},"end":{"line":136,"column":null}},"35":{"start":{"line":133,"column":12},"end":{"line":135,"column":15}},"36":{"start":{"line":134,"column":49},"end":{"line":134,"column":56}},"37":{"start":{"line":137,"column":8},"end":{"line":137,"column":15}},"38":{"start":{"line":140,"column":12},"end":{"line":166,"column":6}},"39":{"start":{"line":144,"column":43},"end":{"line":147,"column":10}},"40":{"start":{"line":149,"column":8},"end":{"line":165,"column":null}},"41":{"start":{"line":150,"column":12},"end":{"line":153,"column":15}},"42":{"start":{"line":155,"column":32},"end":{"line":155,"column":70}},"43":{"start":{"line":156,"column":12},"end":{"line":156,"column":53}},"44":{"start":{"line":157,"column":12},"end":{"line":157,"column":50}},"45":{"start":{"line":158,"column":12},"end":{"line":158,"column":48}},"46":{"start":{"line":159,"column":32},"end":{"line":159,"column":49}},"47":{"start":{"line":161,"column":12},"end":{"line":161,"column":54}},"48":{"start":{"line":162,"column":12},"end":{"line":164,"column":15}},"49":{"start":{"line":29,"column":8},"end":{"line":29,"column":32}},"50":{"start":{"line":33,"column":8},"end":{"line":42,"column":10}},"51":{"start":{"line":39,"column":16},"end":{"line":39,"column":54}},"52":{"start":{"line":44,"column":8},"end":{"line":44,"column":48}},"53":{"start":{"line":45,"column":8},"end":{"line":45,"column":70}},"54":{"start":{"line":46,"column":8},"end":{"line":49,"column":10}},"55":{"start":{"line":50,"column":8},"end":{"line":54,"column":10}},"56":{"start":{"line":12,"column":0},"end":{"line":12,"column":13}},"57":{"start":{"line":13,"column":18},"end":{"line":24,"column":6}},"58":{"start":{"line":19,"column":8},"end":{"line":23,"column":null}},"59":{"start":{"line":20,"column":12},"end":{"line":20,"column":19}},"60":{"start":{"line":22,"column":12},"end":{"line":22,"column":40}}},"fnMap":{"0":{"name":"(anonymous_1)","decl":{"start":{"line":28,"column":4},"end":{"line":28,"column":null}},"loc":{"start":{"line":28,"column":4},"end":{"line":30,"column":5}}},"1":{"name":"(anonymous_2)","decl":{"start":{"line":57,"column":21},"end":{"line":57,"column":22}},"loc":{"start":{"line":57,"column":78},"end":{"line":60,"column":5}}},"2":{"name":"(anonymous_3)","decl":{"start":{"line":62,"column":21},"end":{"line":62,"column":26}},"loc":{"start":{"line":65,"column":8},"end":{"line":95,"column":5}}},"3":{"name":"(anonymous_4)","decl":{"start":{"line":70,"column":27},"end":{"line":70,"column":30}},"loc":{"start":{"line":70,"column":32},"end":{"line":74,"column":9}}},"4":{"name":"(anonymous_5)","decl":{"start":{"line":96,"column":27},"end":{"line":96,"column":32}},"loc":{"start":{"line":99,"column":8},"end":{"line":114,"column":5}}},"5":{"name":"(anonymous_6)","decl":{"start":{"line":115,"column":31},"end":{"line":115,"column":null}},"loc":{"start":{"line":119,"column":8},"end":{"line":138,"column":5}}},"6":{"name":"(anonymous_7)","decl":{"start":{"line":134,"column":35},"end":{"line":134,"column":36}},"loc":{"start":{"line":134,"column":49},"end":{"line":134,"column":56}}},"7":{"name":"(anonymous_8)","decl":{"start":{"line":140,"column":21},"end":{"line":140,"column":26}},"loc":{"start":{"line":143,"column":8},"end":{"line":166,"column":5}}},"8":{"name":"(anonymous_9)","decl":{"start":{"line":32,"column":12},"end":{"line":32,"column":28}},"loc":{"start":{"line":32,"column":28},"end":{"line":55,"column":5}}},"9":{"name":"(anonymous_10)","decl":{"start":{"line":36,"column":12},"end":{"line":36,"column":13}},"loc":{"start":{"line":36,"column":69},"end":{"line":41,"column":13}}},"10":{"name":"(anonymous_11)","decl":{"start":{"line":13,"column":31},"end":{"line":13,"column":null}},"loc":{"start":{"line":17,"column":8},"end":{"line":24,"column":5}}}},"branchMap":{"0":{"loc":{"start":{"line":78,"column":8},"end":{"line":94,"column":null}},"type":"if","locations":[{"start":{"line":78,"column":8},"end":{"line":94,"column":null}},{"start":{"line":78,"column":8},"end":{"line":94,"column":null}}]},"1":{"loc":{"start":{"line":104,"column":8},"end":{"line":109,"column":null}},"type":"if","locations":[{"start":{"line":104,"column":8},"end":{"line":109,"column":null}},{"start":{"line":104,"column":8},"end":{"line":109,"column":null}}]},"2":{"loc":{"start":{"line":132,"column":8},"end":{"line":136,"column":null}},"type":"if","locations":[{"start":{"line":132,"column":8},"end":{"line":136,"column":null}},{"start":{"line":132,"column":8},"end":{"line":136,"column":null}}]},"3":{"loc":{"start":{"line":149,"column":8},"end":{"line":165,"column":null}},"type":"if","locations":[{"start":{"line":149,"column":8},"end":{"line":165,"column":null}},{"start":{"line":149,"column":8},"end":{"line":165,"column":null}}]},"4":{"loc":{"start":{"line":19,"column":8},"end":{"line":23,"column":null}},"type":"if","locations":[{"start":{"line":19,"column":8},"end":{"line":23,"column":null}},{"start":{"line":19,"column":8},"end":{"line":23,"column":null}}]}},"s":{"0":1,"1":1,"2":1,"3":1,"4":1,"5":1,"6":1,"7":1,"8":1,"9":1,"10":1,"11":0,"12":0,"13":1,"14":0,"15":0,"16":0,"17":0,"18":0,"19":0,"20":0,"21":0,"22":0,"23":0,"24":1,"25":0,"26":0,"27":0,"28":0,"29":1,"30":0,"31":0,"32":0,"33":0,"34":0,"35":0,"36":0,"37":0,"38":1,"39":0,"40":0,"41":0,"42":0,"43":0,"44":0,"45":0,"46":0,"47":0,"48":0,"49":1,"50":1,"51":0,"52":1,"53":1,"54":1,"55":1,"56":1,"57":1,"58":0,"59":0,"60":0},"f":{"0":1,"1":0,"2":0,"3":0,"4":0,"5":0,"6":0,"7":0,"8":1,"9":0,"10":0},"b":{"0":[0,0],"1":[0,0],"2":[0,0],"3":[0,0],"4":[0,0]}}
,"/Users/jkirk/dev/express-jest-testing/src/controllers/storeController.ts": {"path":"/Users/jkirk/dev/express-jest-testing/src/controllers/storeController.ts","statementMap":{"0":{"start":{"line":1,"column":0},"end":{"line":1,"column":30}},"1":{"start":{"line":2,"column":0},"end":{"line":2,"column":24}},"2":{"start":{"line":3,"column":0},"end":{"line":3,"column":45}},"3":{"start":{"line":4,"column":0},"end":{"line":4,"column":41}},"4":{"start":{"line":5,"column":0},"end":{"line":5,"column":24}},"5":{"start":{"line":6,"column":0},"end":{"line":6,"column":24}},"6":{"start":{"line":8,"column":0},"end":{"line":8,"column":56}},"7":{"start":{"line":9,"column":0},"end":{"line":9,"column":56}},"8":{"start":{"line":10,"column":0},"end":{"line":10,"column":53}},"9":{"start":{"line":11,"column":0},"end":{"line":11,"column":60}},"10":{"start":{"line":14,"column":11},"end":{"line":14,"column":37}},"11":{"start":{"line":16,"column":12},"end":{"line":29,"column":6}},"12":{"start":{"line":19,"column":28},"end":{"line":19,"column":62}},"13":{"start":{"line":20,"column":12},"end":{"line":27,"column":null}},"14":{"start":{"line":21,"column":16},"end":{"line":21,"column":33}},"15":{"start":{"line":23,"column":16},"end":{"line":26,"column":18}},"16":{"start":{"line":31,"column":12},"end":{"line":31,"column":64}},"17":{"start":{"line":79,"column":12},"end":{"line":111,"column":6}},"18":{"start":{"line":83,"column":21},"end":{"line":83,"column":45}},"19":{"start":{"line":84,"column":22},"end":{"line":84,"column":23}},"20":{"start":{"line":86,"column":21},"end":{"line":86,"column":41}},"21":{"start":{"line":88,"column":30},"end":{"line":91,"column":38}},"22":{"start":{"line":93,"column":29},"end":{"line":93,"column":44}},"23":{"start":{"line":95,"column":32},"end":{"line":98,"column":10}},"24":{"start":{"line":99,"column":22},"end":{"line":99,"column":46}},"25":{"start":{"line":100,"column":8},"end":{"line":103,"column":null}},"26":{"start":{"line":102,"column":12},"end":{"line":102,"column":55}},"27":{"start":{"line":104,"column":8},"end":{"line":110,"column":11}},"28":{"start":{"line":113,"column":12},"end":{"line":118,"column":6}},"29":{"start":{"line":117,"column":8},"end":{"line":117,"column":33}},"30":{"start":{"line":120,"column":12},"end":{"line":138,"column":6}},"31":{"start":{"line":125,"column":8},"end":{"line":128,"column":null}},"32":{"start":{"line":126,"column":12},"end":{"line":126,"column":19}},"33":{"start":{"line":127,"column":12},"end":{"line":127,"column":19}},"34":{"start":{"line":129,"column":26},"end":{"line":129,"column":61}},"35":{"start":{"line":130,"column":8},"end":{"line":130,"column":57}},"36":{"start":{"line":131,"column":22},"end":{"line":131,"column":58}},"37":{"start":{"line":132,"column":8},"end":{"line":132,"column":43}},"38":{"start":{"line":133,"column":8},"end":{"line":135,"column":10}},"39":{"start":{"line":137,"column":8},"end":{"line":137,"column":15}},"40":{"start":{"line":140,"column":12},"end":{"line":153,"column":6}},"41":{"start":{"line":145,"column":8},"end":{"line":145,"column":47}},"42":{"start":{"line":146,"column":22},"end":{"line":146,"column":45}},"43":{"start":{"line":147,"column":8},"end":{"line":147,"column":27}},"44":{"start":{"line":148,"column":8},"end":{"line":151,"column":10}},"45":{"start":{"line":152,"column":8},"end":{"line":152,"column":50}},"46":{"start":{"line":155,"column":12},"end":{"line":159,"column":6}},"47":{"start":{"line":156,"column":8},"end":{"line":158,"column":null}},"48":{"start":{"line":157,"column":12},"end":{"line":157,"column":69}},"49":{"start":{"line":161,"column":12},"end":{"line":179,"column":6}},"50":{"start":{"line":166,"column":45},"end":{"line":168,"column":10}},"51":{"start":{"line":169,"column":8},"end":{"line":178,"column":null}},"52":{"start":{"line":172,"column":12},"end":{"line":172,"column":51}},"53":{"start":{"line":174,"column":12},"end":{"line":177,"column":15}},"54":{"start":{"line":181,"column":12},"end":{"line":201,"column":6}},"55":{"start":{"line":186,"column":8},"end":{"line":186,"column":45}},"56":{"start":{"line":191,"column":25},"end":{"line":191,"column":72}},"57":{"start":{"line":193,"column":8},"end":{"line":200,"column":null}},"58":{"start":{"line":194,"column":12},"end":{"line":194,"column":46}},"59":{"start":{"line":195,"column":12},"end":{"line":195,"column":60}},"60":{"start":{"line":196,"column":12},"end":{"line":196,"column":65}},"61":{"start":{"line":197,"column":29},"end":{"line":197,"column":50}},"62":{"start":{"line":198,"column":12},"end":{"line":198,"column":79}},"63":{"start":{"line":199,"column":12},"end":{"line":199,"column":63}},"64":{"start":{"line":203,"column":12},"end":{"line":216,"column":6}},"65":{"start":{"line":208,"column":22},"end":{"line":210,"column":37}},"66":{"start":{"line":211,"column":8},"end":{"line":214,"column":null}},"67":{"start":{"line":212,"column":12},"end":{"line":212,"column":19}},"68":{"start":{"line":213,"column":12},"end":{"line":213,"column":19}},"69":{"start":{"line":215,"column":8},"end":{"line":215,"column":79}},"70":{"start":{"line":218,"column":12},"end":{"line":229,"column":6}},"71":{"start":{"line":223,"column":20},"end":{"line":223,"column":38}},"72":{"start":{"line":224,"column":25},"end":{"line":224,"column":49}},"73":{"start":{"line":225,"column":28},"end":{"line":225,"column":47}},"74":{"start":{"line":226,"column":30},"end":{"line":226,"column":60}},"75":{"start":{"line":227,"column":31},"end":{"line":227,"column":78}},"76":{"start":{"line":228,"column":8},"end":{"line":228,"column":38}},"77":{"start":{"line":231,"column":12},"end":{"line":258,"column":6}},"78":{"start":{"line":235,"column":23},"end":{"line":256,"column":21}},"79":{"start":{"line":257,"column":8},"end":{"line":257,"column":32}},"80":{"start":{"line":260,"column":12},"end":{"line":282,"column":6}},"81":{"start":{"line":264,"column":28},"end":{"line":265,"column":null}},"82":{"start":{"line":267,"column":22},"end":{"line":277,"column":10}},"83":{"start":{"line":278,"column":23},"end":{"line":280,"column":22}},"84":{"start":{"line":281,"column":8},"end":{"line":281,"column":34}},"85":{"start":{"line":284,"column":12},"end":{"line":304,"column":6}},"86":{"start":{"line":289,"column":25},"end":{"line":291,"column":25}},"87":{"start":{"line":293,"column":21},"end":{"line":301,"column":null}},"88":{"start":{"line":303,"column":8},"end":{"line":303,"column":32}},"89":{"start":{"line":306,"column":12},"end":{"line":315,"column":6}},"90":{"start":{"line":310,"column":23},"end":{"line":313,"column":10}},"91":{"start":{"line":314,"column":8},"end":{"line":314,"column":34}},"92":{"start":{"line":317,"column":12},"end":{"line":324,"column":6}},"93":{"start":{"line":322,"column":23},"end":{"line":322,"column":49}},"94":{"start":{"line":323,"column":8},"end":{"line":323,"column":34}},"95":{"start":{"line":34,"column":8},"end":{"line":34,"column":32}},"96":{"start":{"line":38,"column":8},"end":{"line":44,"column":10}},"97":{"start":{"line":45,"column":8},"end":{"line":51,"column":10}},"98":{"start":{"line":52,"column":8},"end":{"line":56,"column":10}},"99":{"start":{"line":57,"column":8},"end":{"line":57,"column":74}},"100":{"start":{"line":58,"column":8},"end":{"line":58,"column":67}},"101":{"start":{"line":59,"column":8},"end":{"line":59,"column":72}},"102":{"start":{"line":61,"column":8},"end":{"line":61,"column":71}},"103":{"start":{"line":62,"column":8},"end":{"line":62,"column":73}},"104":{"start":{"line":63,"column":8},"end":{"line":67,"column":10}},"105":{"start":{"line":68,"column":8},"end":{"line":72,"column":10}},"106":{"start":{"line":73,"column":8},"end":{"line":73,"column":58}},"107":{"start":{"line":74,"column":8},"end":{"line":74,"column":64}},"108":{"start":{"line":75,"column":8},"end":{"line":75,"column":64}},"109":{"start":{"line":76,"column":8},"end":{"line":76,"column":75}},"110":{"start":{"line":13,"column":0},"end":{"line":13,"column":13}}},"fnMap":{"0":{"name":"(anonymous_1)","decl":{"start":{"line":33,"column":4},"end":{"line":33,"column":null}},"loc":{"start":{"line":33,"column":4},"end":{"line":35,"column":5}}},"1":{"name":"(anonymous_2)","decl":{"start":{"line":18,"column":8},"end":{"line":18,"column":18}},"loc":{"start":{"line":18,"column":55},"end":{"line":28,"column":9}}},"2":{"name":"(anonymous_3)","decl":{"start":{"line":79,"column":24},"end":{"line":79,"column":29}},"loc":{"start":{"line":82,"column":8},"end":{"line":111,"column":5}}},"3":{"name":"(anonymous_4)","decl":{"start":{"line":113,"column":23},"end":{"line":113,"column":null}},"loc":{"start":{"line":116,"column":8},"end":{"line":118,"column":5}}},"4":{"name":"(anonymous_5)","decl":{"start":{"line":120,"column":21},"end":{"line":120,"column":26}},"loc":{"start":{"line":124,"column":8},"end":{"line":138,"column":5}}},"5":{"name":"(anonymous_6)","decl":{"start":{"line":140,"column":26},"end":{"line":140,"column":31}},"loc":{"start":{"line":143,"column":8},"end":{"line":153,"column":5}}},"6":{"name":"(anonymous_7)","decl":{"start":{"line":155,"column":27},"end":{"line":155,"column":28}},"loc":{"start":{"line":155,"column":74},"end":{"line":159,"column":5}}},"7":{"name":"(anonymous_8)","decl":{"start":{"line":161,"column":24},"end":{"line":161,"column":29}},"loc":{"start":{"line":164,"column":8},"end":{"line":179,"column":5}}},"8":{"name":"(anonymous_9)","decl":{"start":{"line":181,"column":26},"end":{"line":181,"column":31}},"loc":{"start":{"line":184,"column":8},"end":{"line":201,"column":5}}},"9":{"name":"(anonymous_10)","decl":{"start":{"line":203,"column":29},"end":{"line":203,"column":34}},"loc":{"start":{"line":207,"column":8},"end":{"line":216,"column":5}}},"10":{"name":"(anonymous_11)","decl":{"start":{"line":218,"column":29},"end":{"line":218,"column":34}},"loc":{"start":{"line":222,"column":8},"end":{"line":229,"column":5}}},"11":{"name":"(anonymous_12)","decl":{"start":{"line":231,"column":27},"end":{"line":231,"column":32}},"loc":{"start":{"line":234,"column":8},"end":{"line":258,"column":5}}},"12":{"name":"(anonymous_13)","decl":{"start":{"line":260,"column":24},"end":{"line":260,"column":29}},"loc":{"start":{"line":263,"column":8},"end":{"line":282,"column":5}}},"13":{"name":"(anonymous_14)","decl":{"start":{"line":284,"column":25},"end":{"line":284,"column":30}},"loc":{"start":{"line":287,"column":8},"end":{"line":304,"column":5}}},"14":{"name":"(anonymous_15)","decl":{"start":{"line":306,"column":24},"end":{"line":306,"column":29}},"loc":{"start":{"line":309,"column":8},"end":{"line":315,"column":5}}},"15":{"name":"(anonymous_16)","decl":{"start":{"line":317,"column":27},"end":{"line":317,"column":32}},"loc":{"start":{"line":320,"column":8},"end":{"line":324,"column":5}}},"16":{"name":"(anonymous_17)","decl":{"start":{"line":37,"column":12},"end":{"line":37,"column":28}},"loc":{"start":{"line":37,"column":28},"end":{"line":77,"column":5}}}},"branchMap":{"0":{"loc":{"start":{"line":20,"column":12},"end":{"line":27,"column":null}},"type":"if","locations":[{"start":{"line":20,"column":12},"end":{"line":27,"column":null}},{"start":{"line":20,"column":12},"end":{"line":27,"column":null}}]},"1":{"loc":{"start":{"line":83,"column":21},"end":{"line":83,"column":40}},"type":"binary-expr","locations":[{"start":{"line":83,"column":21},"end":{"line":83,"column":40}},{"start":{"line":83,"column":44},"end":{"line":83,"column":45}}]},"2":{"loc":{"start":{"line":100,"column":8},"end":{"line":103,"column":null}},"type":"if","locations":[{"start":{"line":100,"column":8},"end":{"line":103,"column":null}},{"start":{"line":100,"column":8},"end":{"line":103,"column":null}}]},"3":{"loc":{"start":{"line":100,"column":12},"end":{"line":100,"column":26}},"type":"binary-expr","locations":[{"start":{"line":100,"column":12},"end":{"line":100,"column":26}},{"start":{"line":100,"column":30},"end":{"line":100,"column":34}}]},"4":{"loc":{"start":{"line":125,"column":8},"end":{"line":128,"column":null}},"type":"if","locations":[{"start":{"line":125,"column":8},"end":{"line":128,"column":null}},{"start":{"line":125,"column":8},"end":{"line":128,"column":null}}]},"5":{"loc":{"start":{"line":156,"column":8},"end":{"line":158,"column":null}},"type":"if","locations":[{"start":{"line":156,"column":8},"end":{"line":158,"column":null}},{"start":{"line":156,"column":8},"end":{"line":158,"column":null}}]},"6":{"loc":{"start":{"line":169,"column":8},"end":{"line":178,"column":null}},"type":"if","locations":[{"start":{"line":169,"column":8},"end":{"line":178,"column":null}},{"start":{"line":169,"column":8},"end":{"line":178,"column":null}}]},"7":{"loc":{"start":{"line":193,"column":8},"end":{"line":200,"column":null}},"type":"if","locations":[{"start":{"line":193,"column":8},"end":{"line":200,"column":null}},{"start":{"line":193,"column":8},"end":{"line":200,"column":null}}]},"8":{"loc":{"start":{"line":211,"column":8},"end":{"line":214,"column":null}},"type":"if","locations":[{"start":{"line":211,"column":8},"end":{"line":214,"column":null}},{"start":{"line":211,"column":8},"end":{"line":214,"column":null}}]},"9":{"loc":{"start":{"line":224,"column":25},"end":{"line":224,"column":28}},"type":"binary-expr","locations":[{"start":{"line":224,"column":25},"end":{"line":224,"column":28}},{"start":{"line":224,"column":32},"end":{"line":224,"column":49}}]},"10":{"loc":{"start":{"line":290,"column":14},"end":{"line":290,"column":21}},"type":"cond-expr","locations":[{"start":{"line":290,"column":14},"end":{"line":290,"column":21}},{"start":{"line":291,"column":14},"end":{"line":291,"column":25}}]}},"s":{"0":1,"1":1,"2":1,"3":1,"4":1,"5":1,"6":1,"7":1,"8":1,"9":1,"10":1,"11":1,"12":0,"13":0,"14":0,"15":0,"16":1,"17":1,"18":0,"19":0,"20":0,"21":0,"22":0,"23":0,"24":0,"25":0,"26":0,"27":0,"28":1,"29":0,"30":1,"31":0,"32":0,"33":0,"34":0,"35":0,"36":0,"37":0,"38":0,"39":0,"40":1,"41":0,"42":0,"43":0,"44":0,"45":0,"46":1,"47":0,"48":0,"49":1,"50":0,"51":0,"52":0,"53":0,"54":1,"55":0,"56":0,"57":0,"58":0,"59":0,"60":0,"61":0,"62":0,"63":0,"64":1,"65":0,"66":0,"67":0,"68":0,"69":0,"70":1,"71":2,"72":2,"73":2,"74":2,"75":2,"76":2,"77":1,"78":1,"79":1,"80":1,"81":0,"82":0,"83":0,"84":0,"85":1,"86":0,"87":0,"88":0,"89":1,"90":0,"91":0,"92":1,"93":0,"94":0,"95":1,"96":1,"97":1,"98":1,"99":1,"100":1,"101":1,"102":1,"103":1,"104":1,"105":1,"106":1,"107":1,"108":1,"109":1,"110":1},"f":{"0":1,"1":0,"2":0,"3":0,"4":0,"5":0,"6":0,"7":0,"8":0,"9":0,"10":2,"11":1,"12":0,"13":0,"14":0,"15":0,"16":1},"b":{"0":[0,0],"1":[0,0],"2":[0,0],"3":[0,0],"4":[0,0],"5":[0,0],"6":[0,0],"7":[0,0],"8":[0,0],"9":[2,1],"10":[0,0]}}
,"/Users/jkirk/dev/express-jest-testing/src/controllers/userController.ts": {"path":"/Users/jkirk/dev/express-jest-testing/src/controllers/userController.ts","statementMap":{"0":{"start":{"line":1,"column":0},"end":{"line":1,"column":42}},"1":{"start":{"line":2,"column":0},"end":{"line":2,"column":30}},"2":{"start":{"line":3,"column":0},"end":{"line":3,"column":32}},"3":{"start":{"line":5,"column":0},"end":{"line":5,"column":56}},"4":{"start":{"line":6,"column":0},"end":{"line":6,"column":38}},"5":{"start":{"line":7,"column":0},"end":{"line":7,"column":60}},"6":{"start":{"line":10,"column":11},"end":{"line":10,"column":37}},"7":{"start":{"line":37,"column":12},"end":{"line":70,"column":6}},"8":{"start":{"line":42,"column":8},"end":{"line":42,"column":37}},"9":{"start":{"line":43,"column":8},"end":{"line":43,"column":72}},"10":{"start":{"line":44,"column":8},"end":{"line":44,"column":73}},"11":{"start":{"line":45,"column":8},"end":{"line":48,"column":11}},"12":{"start":{"line":49,"column":8},"end":{"line":49,"column":78}},"13":{"start":{"line":50,"column":8},"end":{"line":55,"column":24}},"14":{"start":{"line":56,"column":8},"end":{"line":58,"column":43}},"15":{"start":{"line":60,"column":23},"end":{"line":60,"column":49}},"16":{"start":{"line":61,"column":8},"end":{"line":67,"column":null}},"17":{"start":{"line":62,"column":12},"end":{"line":65,"column":15}},"18":{"start":{"line":64,"column":49},"end":{"line":64,"column":56}},"19":{"start":{"line":66,"column":12},"end":{"line":66,"column":19}},"20":{"start":{"line":69,"column":8},"end":{"line":69,"column":15}},"21":{"start":{"line":72,"column":12},"end":{"line":84,"column":6}},"22":{"start":{"line":77,"column":21},"end":{"line":80,"column":10}},"23":{"start":{"line":81,"column":25},"end":{"line":81,"column":60}},"24":{"start":{"line":82,"column":8},"end":{"line":82,"column":52}},"25":{"start":{"line":83,"column":8},"end":{"line":83,"column":15}},"26":{"start":{"line":86,"column":12},"end":{"line":105,"column":6}},"27":{"start":{"line":90,"column":24},"end":{"line":93,"column":10}},"28":{"start":{"line":95,"column":21},"end":{"line":99,"column":null}},"29":{"start":{"line":102,"column":8},"end":{"line":104,"column":11}},"30":{"start":{"line":13,"column":8},"end":{"line":13,"column":32}},"31":{"start":{"line":17,"column":8},"end":{"line":28,"column":10}},"32":{"start":{"line":25,"column":16},"end":{"line":25,"column":54}},"33":{"start":{"line":30,"column":8},"end":{"line":34,"column":10}},"34":{"start":{"line":9,"column":0},"end":{"line":9,"column":13}}},"fnMap":{"0":{"name":"(anonymous_1)","decl":{"start":{"line":12,"column":4},"end":{"line":12,"column":null}},"loc":{"start":{"line":12,"column":4},"end":{"line":14,"column":5}}},"1":{"name":"(anonymous_2)","decl":{"start":{"line":37,"column":31},"end":{"line":37,"column":null}},"loc":{"start":{"line":41,"column":8},"end":{"line":70,"column":5}}},"2":{"name":"(anonymous_3)","decl":{"start":{"line":64,"column":35},"end":{"line":64,"column":36}},"loc":{"start":{"line":64,"column":49},"end":{"line":64,"column":56}}},"3":{"name":"(anonymous_4)","decl":{"start":{"line":72,"column":23},"end":{"line":72,"column":28}},"loc":{"start":{"line":76,"column":8},"end":{"line":84,"column":5}}},"4":{"name":"(anonymous_5)","decl":{"start":{"line":86,"column":28},"end":{"line":86,"column":33}},"loc":{"start":{"line":89,"column":8},"end":{"line":105,"column":5}}},"5":{"name":"(anonymous_6)","decl":{"start":{"line":16,"column":12},"end":{"line":16,"column":28}},"loc":{"start":{"line":16,"column":28},"end":{"line":35,"column":5}}},"6":{"name":"(anonymous_7)","decl":{"start":{"line":22,"column":12},"end":{"line":22,"column":13}},"loc":{"start":{"line":22,"column":69},"end":{"line":27,"column":13}}}},"branchMap":{"0":{"loc":{"start":{"line":61,"column":8},"end":{"line":67,"column":null}},"type":"if","locations":[{"start":{"line":61,"column":8},"end":{"line":67,"column":null}},{"start":{"line":61,"column":8},"end":{"line":67,"column":null}}]}},"s":{"0":1,"1":1,"2":1,"3":1,"4":1,"5":1,"6":1,"7":1,"8":0,"9":0,"10":0,"11":0,"12":0,"13":0,"14":0,"15":0,"16":0,"17":0,"18":0,"19":0,"20":0,"21":1,"22":0,"23":0,"24":0,"25":0,"26":1,"27":0,"28":0,"29":0,"30":1,"31":1,"32":0,"33":1,"34":1},"f":{"0":1,"1":0,"2":0,"3":0,"4":0,"5":1,"6":0},"b":{"0":[0,0]}}
,"/Users/jkirk/dev/express-jest-testing/src/data/utils.ts": {"path":"/Users/jkirk/dev/express-jest-testing/src/data/utils.ts","statementMap":{"0":{"start":{"line":1,"column":0},"end":{"line":1,"column":40}},"1":{"start":{"line":2,"column":0},"end":{"line":2,"column":38}},"2":{"start":{"line":4,"column":0},"end":{"line":4,"column":35}},"3":{"start":{"line":5,"column":0},"end":{"line":5,"column":33}},"4":{"start":{"line":8,"column":4},"end":{"line":8,"column":43}},"5":{"start":{"line":10,"column":4},"end":{"line":10,"column":42}},"6":{"start":{"line":7,"column":0},"end":{"line":7,"column":7}},"7":{"start":{"line":14,"column":4},"end":{"line":23,"column":null}},"8":{"start":{"line":15,"column":8},"end":{"line":15,"column":39}},"9":{"start":{"line":17,"column":8},"end":{"line":17,"column":37}},"10":{"start":{"line":19,"column":8},"end":{"line":21,"column":10}},"11":{"start":{"line":22,"column":8},"end":{"line":22,"column":23}},"12":{"start":{"line":13,"column":0},"end":{"line":13,"column":7}}},"fnMap":{"0":{"name":"deleteData","decl":{"start":{"line":7,"column":22},"end":{"line":7,"column":32}},"loc":{"start":{"line":7,"column":32},"end":{"line":11,"column":1}}},"1":{"name":"loadData","decl":{"start":{"line":13,"column":22},"end":{"line":13,"column":30}},"loc":{"start":{"line":13,"column":30},"end":{"line":24,"column":1}}}},"branchMap":{},"s":{"0":1,"1":1,"2":1,"3":1,"4":3,"5":3,"6":1,"7":3,"8":3,"9":3,"10":0,"11":0,"12":1},"f":{"0":3,"1":3},"b":{}}
,"/Users/jkirk/dev/express-jest-testing/src/handlers/errorHandlers.ts": {"path":"/Users/jkirk/dev/express-jest-testing/src/handlers/errorHandlers.ts","statementMap":{"0":{"start":{"line":15,"column":13},"end":{"line":22,"column":44}},"1":{"start":{"line":21,"column":5},"end":{"line":22,"column":43}},"2":{"start":{"line":22,"column":4},"end":{"line":22,"column":43}},"3":{"start":{"line":29,"column":13},"end":{"line":37,"column":2}},"4":{"start":{"line":34,"column":16},"end":{"line":34,"column":38}},"5":{"start":{"line":35,"column":5},"end":{"line":35,"column":30}},"6":{"start":{"line":36,"column":4},"end":{"line":36,"column":14}},"7":{"start":{"line":45,"column":13},"end":{"line":58,"column":2}},"8":{"start":{"line":51,"column":4},"end":{"line":53,"column":null}},"9":{"start":{"line":52,"column":8},"end":{"line":52,"column":25}},"10":{"start":{"line":55,"column":22},"end":{"line":55,"column":45}},"11":{"start":{"line":56,"column":4},"end":{"line":56,"column":78}},"12":{"start":{"line":56,"column":29},"end":{"line":56,"column":76}},"13":{"start":{"line":57,"column":4},"end":{"line":57,"column":30}},"14":{"start":{"line":65,"column":13},"end":{"line":77,"column":2}},"15":{"start":{"line":71,"column":4},"end":{"line":71,"column":39}},"16":{"start":{"line":72,"column":4},"end":{"line":76,"column":7}},"17":{"start":{"line":84,"column":13},"end":{"line":95,"column":2}},"18":{"start":{"line":90,"column":4},"end":{"line":90,"column":39}},"19":{"start":{"line":91,"column":4},"end":{"line":94,"column":7}}},"fnMap":{"0":{"name":"(anonymous_0)","decl":{"start":{"line":15,"column":27},"end":{"line":15,"column":null}},"loc":{"start":{"line":21,"column":5},"end":{"line":22,"column":43}}},"1":{"name":"(anonymous_1)","decl":{"start":{"line":21,"column":5},"end":{"line":21,"column":6}},"loc":{"start":{"line":22,"column":4},"end":{"line":22,"column":43}}},"2":{"name":"(anonymous_2)","decl":{"start":{"line":29,"column":24},"end":{"line":29,"column":null}},"loc":{"start":{"line":33,"column":4},"end":{"line":37,"column":1}}},"3":{"name":"(anonymous_3)","decl":{"start":{"line":45,"column":37},"end":{"line":45,"column":null}},"loc":{"start":{"line":50,"column":4},"end":{"line":58,"column":1}}},"4":{"name":"(anonymous_4)","decl":{"start":{"line":56,"column":22},"end":{"line":56,"column":25}},"loc":{"start":{"line":56,"column":29},"end":{"line":56,"column":76}}},"5":{"name":"(anonymous_5)","decl":{"start":{"line":65,"column":33},"end":{"line":65,"column":null}},"loc":{"start":{"line":70,"column":4},"end":{"line":77,"column":1}}},"6":{"name":"(anonymous_6)","decl":{"start":{"line":84,"column":32},"end":{"line":84,"column":null}},"loc":{"start":{"line":89,"column":4},"end":{"line":95,"column":1}}}},"branchMap":{"0":{"loc":{"start":{"line":51,"column":4},"end":{"line":53,"column":null}},"type":"if","locations":[{"start":{"line":51,"column":4},"end":{"line":53,"column":null}},{"start":{"line":51,"column":4},"end":{"line":53,"column":null}}]},"1":{"loc":{"start":{"line":71,"column":20},"end":{"line":71,"column":30}},"type":"binary-expr","locations":[{"start":{"line":71,"column":20},"end":{"line":71,"column":30}},{"start":{"line":71,"column":34},"end":{"line":71,"column":37}}]},"2":{"loc":{"start":{"line":74,"column":26},"end":{"line":74,"column":35}},"type":"binary-expr","locations":[{"start":{"line":74,"column":26},"end":{"line":74,"column":35}},{"start":{"line":74,"column":39},"end":{"line":74,"column":41}}]},"3":{"loc":{"start":{"line":90,"column":20},"end":{"line":90,"column":30}},"type":"binary-expr","locations":[{"start":{"line":90,"column":20},"end":{"line":90,"column":30}},{"start":{"line":90,"column":34},"end":{"line":90,"column":37}}]}},"s":{"0":1,"1":20,"2":3,"3":1,"4":0,"5":0,"6":0,"7":1,"8":0,"9":0,"10":0,"11":0,"12":0,"13":0,"14":1,"15":0,"16":0,"17":1,"18":0,"19":0},"f":{"0":20,"1":3,"2":0,"3":0,"4":0,"5":0,"6":0},"b":{"0":[0,0],"1":[0,0],"2":[0,0],"3":[0,0]}}
,"/Users/jkirk/dev/express-jest-testing/src/handlers/mail.ts": {"path":"/Users/jkirk/dev/express-jest-testing/src/handlers/mail.ts","statementMap":{"0":{"start":{"line":1,"column":0},"end":{"line":1,"column":36}},"1":{"start":{"line":2,"column":0},"end":{"line":2,"column":28}},"2":{"start":{"line":3,"column":0},"end":{"line":3,"column":38}},"3":{"start":{"line":4,"column":0},"end":{"line":4,"column":26}},"4":{"start":{"line":5,"column":0},"end":{"line":5,"column":36}},"5":{"start":{"line":6,"column":0},"end":{"line":6,"column":24}},"6":{"start":{"line":7,"column":0},"end":{"line":7,"column":22}},"7":{"start":{"line":11,"column":0},"end":{"line":19,"column":3}},"8":{"start":{"line":21,"column":0},"end":{"line":28,"column":null}},"9":{"start":{"line":27,"column":4},"end":{"line":27,"column":66}},"10":{"start":{"line":30,"column":18},"end":{"line":38,"column":2}},"11":{"start":{"line":41,"column":23},"end":{"line":41,"column":49}},"12":{"start":{"line":42,"column":0},"end":{"line":44,"column":null}},"13":{"start":{"line":43,"column":4},"end":{"line":43,"column":51}},"14":{"start":{"line":45,"column":0},"end":{"line":45,"column":34}},"15":{"start":{"line":47,"column":21},"end":{"line":53,"column":1}},"16":{"start":{"line":48,"column":17},"end":{"line":50,"column":null}},"17":{"start":{"line":52,"column":4},"end":{"line":52,"column":23}},"18":{"start":{"line":55,"column":13},"end":{"line":92,"column":2}},"19":{"start":{"line":66,"column":17},"end":{"line":66,"column":78}},"20":{"start":{"line":67,"column":17},"end":{"line":67,"column":44}},"21":{"start":{"line":68,"column":4},"end":{"line":91,"column":null}},"22":{"start":{"line":69,"column":8},"end":{"line":82,"column":15}},"23":{"start":{"line":78,"column":16},"end":{"line":78,"column":44}},"24":{"start":{"line":81,"column":16},"end":{"line":81,"column":37}},"25":{"start":{"line":84,"column":8},"end":{"line":90,"column":11}}},"fnMap":{"0":{"name":"(anonymous_1)","decl":{"start":{"line":47,"column":21},"end":{"line":47,"column":22}},"loc":{"start":{"line":47,"column":56},"end":{"line":53,"column":1}}},"1":{"name":"(anonymous_2)","decl":{"start":{"line":55,"column":25},"end":{"line":55,"column":30}},"loc":{"start":{"line":65,"column":5},"end":{"line":92,"column":1}}},"2":{"name":"(anonymous_3)","decl":{"start":{"line":77,"column":18},"end":{"line":77,"column":26}},"loc":{"start":{"line":77,"column":29},"end":{"line":79,"column":13}}},"3":{"name":"(anonymous_4)","decl":{"start":{"line":80,"column":19},"end":{"line":80,"column":24}},"loc":{"start":{"line":80,"column":27},"end":{"line":82,"column":13}}}},"branchMap":{"0":{"loc":{"start":{"line":21,"column":0},"end":{"line":28,"column":null}},"type":"if","locations":[{"start":{"line":21,"column":0},"end":{"line":28,"column":null}},{"start":{"line":21,"column":0},"end":{"line":28,"column":null}}]},"1":{"loc":{"start":{"line":22,"column":4},"end":{"line":22,"column":26}},"type":"binary-expr","locations":[{"start":{"line":22,"column":4},"end":{"line":22,"column":26}},{"start":{"line":23,"column":4},"end":{"line":23,"column":26}},{"start":{"line":24,"column":4},"end":{"line":24,"column":26}},{"start":{"line":25,"column":4},"end":{"line":25,"column":26}}]},"2":{"loc":{"start":{"line":42,"column":0},"end":{"line":44,"column":null}},"type":"if","locations":[{"start":{"line":42,"column":0},"end":{"line":44,"column":null}},{"start":{"line":42,"column":0},"end":{"line":44,"column":null}}]},"3":{"loc":{"start":{"line":47,"column":50},"end":{"line":47,"column":52}},"type":"default-arg","locations":[{"start":{"line":47,"column":50},"end":{"line":47,"column":52}}]},"4":{"loc":{"start":{"line":68,"column":4},"end":{"line":91,"column":null}},"type":"if","locations":[{"start":{"line":68,"column":4},"end":{"line":91,"column":null}},{"start":{"line":68,"column":4},"end":{"line":91,"column":null}}]}},"s":{"0":1,"1":1,"2":1,"3":1,"4":1,"5":1,"6":1,"7":1,"8":1,"9":0,"10":1,"11":1,"12":1,"13":0,"14":1,"15":1,"16":0,"17":0,"18":1,"19":0,"20":0,"21":0,"22":0,"23":0,"24":0,"25":0},"f":{"0":0,"1":0,"2":0,"3":0},"b":{"0":[0,1],"1":[1,1,1,1],"2":[0,1],"3":[0],"4":[0,0]}}
,"/Users/jkirk/dev/express-jest-testing/src/models/Store.ts": {"path":"/Users/jkirk/dev/express-jest-testing/src/models/Store.ts","statementMap":{"0":{"start":{"line":2,"column":0},"end":{"line":2,"column":43}},"1":{"start":{"line":4,"column":0},"end":{"line":4,"column":25}},"2":{"start":{"line":26,"column":20},"end":{"line":70,"column":null}},"3":{"start":{"line":73,"column":0},"end":{"line":76,"column":3}},"4":{"start":{"line":78,"column":0},"end":{"line":80,"column":3}},"5":{"start":{"line":84,"column":4},"end":{"line":84,"column":28}},"6":{"start":{"line":85,"column":4},"end":{"line":85,"column":11}},"7":{"start":{"line":88,"column":0},"end":{"line":88,"column":38}},"8":{"start":{"line":89,"column":0},"end":{"line":89,"column":41}},"9":{"start":{"line":92,"column":0},"end":{"line":96,"column":3}},"10":{"start":{"line":94,"column":4},"end":{"line":94,"column":24}},"11":{"start":{"line":95,"column":4},"end":{"line":95,"column":11}},"12":{"start":{"line":99,"column":0},"end":{"line":121,"column":3}},"13":{"start":{"line":100,"column":17},"end":{"line":100,"column":39}},"14":{"start":{"line":101,"column":4},"end":{"line":104,"column":null}},"15":{"start":{"line":102,"column":8},"end":{"line":102,"column":15}},"16":{"start":{"line":103,"column":8},"end":{"line":103,"column":15}},"17":{"start":{"line":106,"column":4},"end":{"line":106,"column":32}},"18":{"start":{"line":108,"column":22},"end":{"line":108,"column":66}},"19":{"start":{"line":109,"column":27},"end":{"line":109,"column":64}},"20":{"start":{"line":111,"column":4},"end":{"line":113,"column":null}},"21":{"start":{"line":112,"column":8},"end":{"line":112,"column":64}},"22":{"start":{"line":120,"column":4},"end":{"line":120,"column":11}},"23":{"start":{"line":123,"column":0},"end":{"line":129,"column":2}},"24":{"start":{"line":124,"column":4},"end":{"line":128,"column":7}},"25":{"start":{"line":139,"column":0},"end":{"line":143,"column":3}},"26":{"start":{"line":145,"column":0},"end":{"line":169,"column":2}},"27":{"start":{"line":146,"column":4},"end":{"line":168,"column":7}},"28":{"start":{"line":171,"column":13},"end":{"line":174,"column":2}}},"fnMap":{"0":{"name":"autopopulate","decl":{"start":{"line":83,"column":9},"end":{"line":83,"column":21}},"loc":{"start":{"line":83,"column":31},"end":{"line":86,"column":1}}},"1":{"name":"(anonymous_3)","decl":{"start":{"line":92,"column":28},"end":{"line":92,"column":33}},"loc":{"start":{"line":92,"column":47},"end":{"line":96,"column":1}}},"2":{"name":"(anonymous_4)","decl":{"start":{"line":99,"column":24},"end":{"line":99,"column":29}},"loc":{"start":{"line":99,"column":43},"end":{"line":121,"column":1}}},"3":{"name":"(anonymous_5)","decl":{"start":{"line":123,"column":34},"end":{"line":123,"column":null}},"loc":{"start":{"line":123,"column":34},"end":{"line":129,"column":1}}},"4":{"name":"(anonymous_6)","decl":{"start":{"line":145,"column":35},"end":{"line":145,"column":null}},"loc":{"start":{"line":145,"column":35},"end":{"line":169,"column":1}}}},"branchMap":{"0":{"loc":{"start":{"line":101,"column":4},"end":{"line":104,"column":null}},"type":"if","locations":[{"start":{"line":101,"column":4},"end":{"line":104,"column":null}},{"start":{"line":101,"column":4},"end":{"line":104,"column":null}}]},"1":{"loc":{"start":{"line":111,"column":4},"end":{"line":113,"column":null}},"type":"if","locations":[{"start":{"line":111,"column":4},"end":{"line":113,"column":null}},{"start":{"line":111,"column":4},"end":{"line":113,"column":null}}]}},"s":{"0":1,"1":1,"2":1,"3":1,"4":1,"5":6,"6":6,"7":1,"8":1,"9":1,"10":48,"11":48,"12":1,"13":0,"14":0,"15":0,"16":0,"17":0,"18":0,"19":0,"20":0,"21":0,"22":0,"23":1,"24":2,"25":1,"26":1,"27":0,"28":1},"f":{"0":6,"1":48,"2":0,"3":2,"4":0},"b":{"0":[0,0],"1":[0,0]}}
,"/Users/jkirk/dev/express-jest-testing/src/models/User.ts": {"path":"/Users/jkirk/dev/express-jest-testing/src/models/User.ts","statementMap":{"0":{"start":{"line":1,"column":0},"end":{"line":1,"column":22}},"1":{"start":{"line":2,"column":0},"end":{"line":2,"column":null}},"2":{"start":{"line":10,"column":0},"end":{"line":10,"column":58}},"3":{"start":{"line":11,"column":0},"end":{"line":11,"column":60}},"4":{"start":{"line":12,"column":0},"end":{"line":12,"column":34}},"5":{"start":{"line":22,"column":19},"end":{"line":39,"column":2}},"6":{"start":{"line":41,"column":0},"end":{"line":41,"column":69}},"7":{"start":{"line":42,"column":0},"end":{"line":42,"column":46}},"8":{"start":{"line":44,"column":0},"end":{"line":47,"column":3}},"9":{"start":{"line":45,"column":17},"end":{"line":45,"column":32}},"10":{"start":{"line":46,"column":4},"end":{"line":46,"column":55}},"11":{"start":{"line":49,"column":13},"end":{"line":52,"column":2}}},"fnMap":{"0":{"name":"(anonymous_2)","decl":{"start":{"line":44,"column":35},"end":{"line":44,"column":null}},"loc":{"start":{"line":44,"column":35},"end":{"line":47,"column":1}}}},"branchMap":{},"s":{"0":1,"1":1,"2":1,"3":1,"4":1,"5":1,"6":1,"7":1,"8":1,"9":0,"10":0,"11":1},"f":{"0":0},"b":{}}
}
