TN:
SF:/Users/jkirk/dev/express-jest-testing/src/app.ts
FN:25,(anonymous_2)
FN:42,(anonymous_3)
FN:43,(anonymous_4)
FN:52,(anonymous_5)
FN:62,(anonymous_6)
FN:66,(anonymous_7)
FN:79,(anonymous_8)
FN:93,(anonymous_9)
FN:102,(anonymous_10)
FN:111,(anonymous_11)
FN:127,(anonymous_12)
FN:132,(anonymous_13)
FN:133,(anonymous_14)
FN:138,(anonymous_15)
FNF:14
FNH:11
FNDA:1,(anonymous_2)
FNDA:0,(anonymous_3)
FNDA:0,(anonymous_4)
FNDA:1,(anonymous_5)
FNDA:1,(anonymous_6)
FNDA:0,(anonymous_7)
FNDA:1,(anonymous_8)
FNDA:3,(anonymous_9)
FNDA:1,(anonymous_10)
FNDA:1,(anonymous_11)
FNDA:3,(anonymous_12)
FNDA:1,(anonymous_13)
FNDA:3,(anonymous_14)
FNDA:1,(anonymous_15)
DA:1,1
DA:3,1
DA:4,1
DA:5,1
DA:6,1
DA:7,1
DA:8,1
DA:9,1
DA:11,1
DA:14,1
DA:15,1
DA:23,1
DA:26,1
DA:27,1
DA:28,1
DA:34,1
DA:35,1
DA:36,1
DA:38,1
DA:39,1
DA:43,0
DA:44,0
DA:53,1
DA:54,0
DA:56,1
DA:57,1
DA:63,1
DA:67,0
DA:80,1
DA:81,1
DA:93,1
DA:94,3
DA:95,3
DA:103,1
DA:104,1
DA:105,1
DA:113,1
DA:114,1
DA:117,1
DA:120,1
DA:123,1
DA:124,1
DA:127,1
DA:128,3
DA:133,1
DA:134,3
DA:140,1
DA:143,1
DA:145,1
DA:148,0
DA:153,1
LF:51
LH:46
BRDA:53,0,0,0
BRDA:53,0,1,1
BRDA:58,1,0,1
BRDA:58,1,1,0
BRDA:86,2,0,1
BRDA:86,2,1,0
BRDA:143,3,0,1
BRDA:143,3,1,0
BRDA:143,4,0,1
BRDA:143,4,1,1
BRF:10
BRH:6
end_of_record
TN:
SF:/Users/jkirk/dev/express-jest-testing/src/server.ts
FN:9,(anonymous_1)
FNF:1
FNH:1
FNDA:1,(anonymous_1)
DA:1,1
DA:2,1
DA:4,1
DA:5,1
DA:6,1
DA:7,1
DA:9,1
DA:10,0
DA:15,1
DA:19,1
LF:10
LH:9
BRDA:9,0,0,0
BRDA:9,0,1,1
BRF:2
BRH:1
end_of_record
TN:
SF:/Users/jkirk/dev/express-jest-testing/src/controllers/authController.ts
FN:28,(anonymous_1)
FN:57,(anonymous_2)
FN:62,(anonymous_3)
FN:70,(anonymous_4)
FN:96,(anonymous_5)
FN:115,(anonymous_6)
FN:134,(anonymous_7)
FN:140,(anonymous_8)
FN:32,(anonymous_9)
FN:36,(anonymous_10)
FN:13,(anonymous_11)
FNF:11
FNH:2
FNDA:1,(anonymous_1)
FNDA:0,(anonymous_2)
FNDA:0,(anonymous_3)
FNDA:0,(anonymous_4)
FNDA:0,(anonymous_5)
FNDA:0,(anonymous_6)
FNDA:0,(anonymous_7)
FNDA:0,(anonymous_8)
FNDA:1,(anonymous_9)
FNDA:0,(anonymous_10)
FNDA:0,(anonymous_11)
DA:1,1
DA:2,1
DA:3,1
DA:4,1
DA:5,1
DA:7,1
DA:8,1
DA:9,1
DA:12,1
DA:13,1
DA:19,0
DA:20,0
DA:22,0
DA:25,1
DA:26,1
DA:29,1
DA:33,1
DA:39,0
DA:44,1
DA:45,1
DA:46,1
DA:50,1
DA:57,1
DA:58,0
DA:59,0
DA:62,1
DA:70,0
DA:71,0
DA:77,0
DA:78,0
DA:79,0
DA:82,0
DA:83,0
DA:85,0
DA:87,0
DA:93,0
DA:96,1
DA:100,0
DA:104,0
DA:105,0
DA:111,0
DA:115,1
DA:120,0
DA:121,0
DA:127,0
DA:131,0
DA:132,0
DA:133,0
DA:134,0
DA:137,0
DA:140,1
DA:144,0
DA:149,0
DA:150,0
DA:155,0
DA:156,0
DA:157,0
DA:158,0
DA:159,0
DA:161,0
DA:162,0
LF:61
LH:23
BRDA:78,0,0,0
BRDA:78,0,1,0
BRDA:104,1,0,0
BRDA:104,1,1,0
BRDA:132,2,0,0
BRDA:132,2,1,0
BRDA:149,3,0,0
BRDA:149,3,1,0
BRDA:19,4,0,0
BRDA:19,4,1,0
BRF:10
BRH:0
end_of_record
TN:
SF:/Users/jkirk/dev/express-jest-testing/src/controllers/storeController.ts
FN:33,(anonymous_1)
FN:18,(anonymous_2)
FN:79,(anonymous_3)
FN:113,(anonymous_4)
FN:120,(anonymous_5)
FN:140,(anonymous_6)
FN:155,(anonymous_7)
FN:161,(anonymous_8)
FN:181,(anonymous_9)
FN:203,(anonymous_10)
FN:218,(anonymous_11)
FN:231,(anonymous_12)
FN:260,(anonymous_13)
FN:284,(anonymous_14)
FN:306,(anonymous_15)
FN:317,(anonymous_16)
FN:37,(anonymous_17)
FNF:17
FNH:4
FNDA:1,(anonymous_1)
FNDA:0,(anonymous_2)
FNDA:0,(anonymous_3)
FNDA:0,(anonymous_4)
FNDA:0,(anonymous_5)
FNDA:0,(anonymous_6)
FNDA:0,(anonymous_7)
FNDA:0,(anonymous_8)
FNDA:0,(anonymous_9)
FNDA:0,(anonymous_10)
FNDA:2,(anonymous_11)
FNDA:1,(anonymous_12)
FNDA:0,(anonymous_13)
FNDA:0,(anonymous_14)
FNDA:0,(anonymous_15)
FNDA:0,(anonymous_16)
FNDA:1,(anonymous_17)
DA:1,1
DA:2,1
DA:3,1
DA:4,1
DA:5,1
DA:6,1
DA:8,1
DA:9,1
DA:10,1
DA:11,1
DA:13,1
DA:14,1
DA:16,1
DA:19,0
DA:20,0
DA:21,0
DA:23,0
DA:31,1
DA:34,1
DA:38,1
DA:45,1
DA:52,1
DA:57,1
DA:58,1
DA:59,1
DA:61,1
DA:62,1
DA:63,1
DA:68,1
DA:73,1
DA:74,1
DA:75,1
DA:76,1
DA:79,1
DA:83,0
DA:84,0
DA:86,0
DA:88,0
DA:93,0
DA:95,0
DA:99,0
DA:100,0
DA:102,0
DA:104,0
DA:113,1
DA:117,0
DA:120,1
DA:125,0
DA:126,0
DA:127,0
DA:129,0
DA:130,0
DA:131,0
DA:132,0
DA:133,0
DA:137,0
DA:140,1
DA:145,0
DA:146,0
DA:147,0
DA:148,0
DA:152,0
DA:155,1
DA:156,0
DA:157,0
DA:161,1
DA:166,0
DA:169,0
DA:172,0
DA:174,0
DA:181,1
DA:186,0
DA:191,0
DA:193,0
DA:194,0
DA:195,0
DA:196,0
DA:197,0
DA:198,0
DA:199,0
DA:203,1
DA:208,0
DA:211,0
DA:212,0
DA:213,0
DA:215,0
DA:218,1
DA:223,2
DA:224,2
DA:225,2
DA:226,2
DA:227,2
DA:228,2
DA:231,1
DA:235,1
DA:257,1
DA:260,1
DA:264,0
DA:267,0
DA:278,0
DA:281,0
DA:284,1
DA:289,0
DA:293,0
DA:303,0
DA:306,1
DA:310,0
DA:314,0
DA:317,1
DA:322,0
DA:323,0
LF:111
LH:51
BRDA:20,0,0,0
BRDA:20,0,1,0
BRDA:83,1,0,0
BRDA:83,1,1,0
BRDA:100,2,0,0
BRDA:100,2,1,0
BRDA:100,3,0,0
BRDA:100,3,1,0
BRDA:125,4,0,0
BRDA:125,4,1,0
BRDA:156,5,0,0
BRDA:156,5,1,0
BRDA:169,6,0,0
BRDA:169,6,1,0
BRDA:193,7,0,0
BRDA:193,7,1,0
BRDA:211,8,0,0
BRDA:211,8,1,0
BRDA:224,9,0,2
BRDA:224,9,1,1
BRDA:290,10,0,0
BRDA:290,10,1,0
BRF:22
BRH:2
end_of_record
TN:
SF:/Users/jkirk/dev/express-jest-testing/src/controllers/userController.ts
FN:12,(anonymous_1)
FN:37,(anonymous_2)
FN:64,(anonymous_3)
FN:72,(anonymous_4)
FN:86,(anonymous_5)
FN:16,(anonymous_6)
FN:22,(anonymous_7)
FNF:7
FNH:2
FNDA:1,(anonymous_1)
FNDA:0,(anonymous_2)
FNDA:0,(anonymous_3)
FNDA:0,(anonymous_4)
FNDA:0,(anonymous_5)
FNDA:1,(anonymous_6)
FNDA:0,(anonymous_7)
DA:1,1
DA:2,1
DA:3,1
DA:5,1
DA:6,1
DA:7,1
DA:9,1
DA:10,1
DA:13,1
DA:17,1
DA:25,0
DA:30,1
DA:37,1
DA:42,0
DA:43,0
DA:44,0
DA:45,0
DA:49,0
DA:50,0
DA:56,0
DA:60,0
DA:61,0
DA:62,0
DA:64,0
DA:66,0
DA:69,0
DA:72,1
DA:77,0
DA:81,0
DA:82,0
DA:83,0
DA:86,1
DA:90,0
DA:95,0
DA:102,0
LF:35
LH:14
BRDA:61,0,0,0
BRDA:61,0,1,0
BRF:2
BRH:0
end_of_record
TN:
SF:/Users/jkirk/dev/express-jest-testing/src/data/utils.ts
FN:7,deleteData
FN:13,loadData
FNF:2
FNH:2
FNDA:3,deleteData
FNDA:3,loadData
DA:1,1
DA:2,1
DA:4,1
DA:5,1
DA:7,1
DA:8,3
DA:10,3
DA:13,1
DA:14,3
DA:15,3
DA:17,3
DA:19,0
DA:22,0
LF:13
LH:11
BRF:0
BRH:0
end_of_record
TN:
SF:/Users/jkirk/dev/express-jest-testing/src/handlers/errorHandlers.ts
FN:15,(anonymous_0)
FN:21,(anonymous_1)
FN:29,(anonymous_2)
FN:45,(anonymous_3)
FN:56,(anonymous_4)
FN:65,(anonymous_5)
FN:84,(anonymous_6)
FNF:7
FNH:2
FNDA:20,(anonymous_0)
FNDA:3,(anonymous_1)
FNDA:0,(anonymous_2)
FNDA:0,(anonymous_3)
FNDA:0,(anonymous_4)
FNDA:0,(anonymous_5)
FNDA:0,(anonymous_6)
DA:15,1
DA:21,20
DA:22,3
DA:29,1
DA:34,0
DA:35,0
DA:36,0
DA:45,1
DA:51,0
DA:52,0
DA:55,0
DA:56,0
DA:57,0
DA:65,1
DA:71,0
DA:72,0
DA:84,1
DA:90,0
DA:91,0
LF:19
LH:7
BRDA:51,0,0,0
BRDA:51,0,1,0
BRDA:71,1,0,0
BRDA:71,1,1,0
BRDA:74,2,0,0
BRDA:74,2,1,0
BRDA:90,3,0,0
BRDA:90,3,1,0
BRF:8
BRH:0
end_of_record
TN:
SF:/Users/jkirk/dev/express-jest-testing/src/handlers/mail.ts
FN:47,(anonymous_1)
FN:55,(anonymous_2)
FN:77,(anonymous_3)
FN:80,(anonymous_4)
FNF:4
FNH:0
FNDA:0,(anonymous_1)
FNDA:0,(anonymous_2)
FNDA:0,(anonymous_3)
FNDA:0,(anonymous_4)
DA:1,1
DA:2,1
DA:3,1
DA:4,1
DA:5,1
DA:6,1
DA:7,1
DA:11,1
DA:21,1
DA:27,0
DA:30,1
DA:41,1
DA:42,1
DA:43,0
DA:45,1
DA:47,1
DA:48,0
DA:52,0
DA:55,1
DA:66,0
DA:67,0
DA:68,0
DA:69,0
DA:78,0
DA:81,0
DA:84,0
LF:26
LH:15
BRDA:21,0,0,0
BRDA:21,0,1,1
BRDA:22,1,0,1
BRDA:22,1,1,1
BRDA:22,1,2,1
BRDA:22,1,3,1
BRDA:42,2,0,0
BRDA:42,2,1,1
BRDA:47,3,0,0
BRDA:68,4,0,0
BRDA:68,4,1,0
BRF:11
BRH:6
end_of_record
TN:
SF:/Users/jkirk/dev/express-jest-testing/src/models/Store.ts
FN:83,autopopulate
FN:92,(anonymous_3)
FN:99,(anonymous_4)
FN:123,(anonymous_5)
FN:145,(anonymous_6)
FNF:5
FNH:3
FNDA:6,autopopulate
FNDA:48,(anonymous_3)
FNDA:0,(anonymous_4)
FNDA:2,(anonymous_5)
FNDA:0,(anonymous_6)
DA:2,1
DA:4,1
DA:26,1
DA:73,1
DA:78,1
DA:84,6
DA:85,6
DA:88,1
DA:89,1
DA:92,1
DA:94,48
DA:95,48
DA:99,1
DA:100,0
DA:101,0
DA:102,0
DA:103,0
DA:106,0
DA:108,0
DA:109,0
DA:111,0
DA:112,0
DA:120,0
DA:123,1
DA:124,2
DA:139,1
DA:145,1
DA:146,0
DA:171,1
LF:29
LH:18
BRDA:101,0,0,0
BRDA:101,0,1,0
BRDA:111,1,0,0
BRDA:111,1,1,0
BRF:4
BRH:0
end_of_record
TN:
SF:/Users/jkirk/dev/express-jest-testing/src/models/User.ts
FN:44,(anonymous_2)
FNF:1
FNH:0
FNDA:0,(anonymous_2)
DA:1,1
DA:2,1
DA:10,1
DA:11,1
DA:12,1
DA:22,1
DA:41,1
DA:42,1
DA:44,1
DA:45,0
DA:46,0
DA:49,1
LF:12
LH:10
BRF:0
BRH:0
end_of_record
